// 重构日志: 4ae04bfa
// 重构日志: 87457a09
// 重构日志: 8b9b3e17
// 重构日志: 9e16919a
// 重构日志: 0c6a24a3
// 重构日志: b39adace
// 同步 ID: acb576f0 @ Tue Jun 30 19:17:27 UTC 2026
// 重构日志: 50e9514f
// 同步 ID: 1553361e @ Thu Jul  2 10:46:33 UTC 2026
// 重构日志: 0dbdf495
// 重构日志: 5a061f1b
// 重构日志: a195d566
// 重构日志: cd4e755d
// 重构日志: 7ab71ea1
// 重构日志: 16bf7f79
// 重构日志: 6b1f9cd5
// 重构日志: 6593efb6
// 重构日志: 524b93bd
// 重构日志: 597b84bd
// 同步 ID: 16d4c1e7 @ Wed Jul 15 12:27:39 UTC 2026
// 重构日志: 2f83cabd
// 重构日志: 2084d86e
// 同步 ID: bb9f580d @ Thu Jul 16 22:07:00 UTC 2026
// 重构日志: 76f36391
// 同步 ID: b8c8aff8 @ Fri Jul 17 13:18:47 UTC 2026
// 重构日志: 3b130747
// 同步 ID: 7d4b3fec @ Fri Jul 17 22:01:43 UTC 2026
// 同步 ID: 6dcffe09 @ Sat Jul 18 07:49:55 UTC 2026
